<?xml version="1.0" encoding="UTF-8"?>
<!-- Generated by org.testng.reporters.JUnitReportReporter -->
<testsuite hostname="HJNZL002044" failures="0" tests="15" name="com.psl.runner.RunTest" time="225.489" errors="0" timestamp="2023-08-07T10:26:07 IST" skipped="0">
  <testcase classname="com.psl.runner.RunTest" name="runScenario" time="13.986"/>
  <system-out/>
  <testcase classname="com.psl.runner.RunTest" name="runScenario" time="9.476"/>
  <system-out/>
  <testcase classname="com.psl.runner.RunTest" name="runScenario" time="77.787"/>
  <system-out/>
  <testcase classname="com.psl.runner.RunTest" name="runScenario" time="12.503"/>
  <system-out/>
  <testcase classname="com.psl.runner.RunTest" name="runScenario" time="9.069"/>
  <system-out/>
  <testcase classname="com.psl.runner.RunTest" name="runScenario" time="9.184"/>
  <system-out/>
  <testcase classname="com.psl.runner.RunTest" name="runScenario" time="9.572"/>
  <system-out/>
  <testcase classname="com.psl.runner.RunTest" name="runScenario" time="11.430"/>
  <system-out/>
  <testcase classname="com.psl.runner.RunTest" name="runScenario" time="10.163"/>
  <system-out/>
  <testcase classname="com.psl.runner.RunTest" name="runScenario" time="9.276"/>
  <system-out/>
  <testcase classname="com.psl.runner.RunTest" name="runScenario" time="13.254"/>
  <system-out/>
  <testcase classname="com.psl.runner.RunTest" name="runScenario" time="10.728"/>
  <system-out/>
  <testcase classname="com.psl.runner.RunTest" name="runScenario" time="8.700"/>
  <system-out/>
  <testcase classname="com.psl.runner.RunTest" name="runScenario" time="10.959"/>
  <system-out/>
  <testcase classname="com.psl.runner.RunTest" name="runScenario" time="9.402"/>
  <system-out/>
</testsuite> <!-- com.psl.runner.RunTest -->
